::1 - - [05/May/2026 21:24:17] "GET /html/index.html HTTP/1.1" 200 -
::1 - - [05/May/2026 21:24:17] "GET /css/styles.css HTTP/1.1" 200 -
::1 - - [05/May/2026 21:24:17] "GET /js/index.js HTTP/1.1" 200 -
::1 - - [05/May/2026 21:24:17] "GET /js/Fighter.js HTTP/1.1" 200 -
::1 - - [05/May/2026 21:24:18] "GET /js/Keys.js HTTP/1.1" 200 -
::1 - - [05/May/2026 21:24:18] "GET /js/Camera.js HTTP/1.1" 200 -
::1 - - [05/May/2026 21:24:18] "GET /js/ParallaxSystem.js HTTP/1.1" 200 -
::1 - - [05/May/2026 21:24:18] "GET /js/ParticleSystem.js HTTP/1.1" 200 -
::1 - - [05/May/2026 21:24:18] "GET /js/EffectsManager.js HTTP/1.1" 200 -
::1 - - [05/May/2026 21:24:18] "GET /js/Sprite.js HTTP/1.1" 200 -
::1 - - [05/May/2026 21:24:18] "GET /assets/img/fight-bg.jpg HTTP/1.1" 200 -
::1 - - [05/May/2026 21:24:18] "GET /assets/img/samuraiMack/Idle.png HTTP/1.1" 200 -
::1 - - [05/May/2026 21:24:18] "GET /assets/img/samuraiMack/Jump.png HTTP/1.1" 200 -
::1 - - [05/May/2026 21:24:18] "GET /assets/img/samuraiMack/Run.png HTTP/1.1" 200 -
::1 - - [05/May/2026 21:24:18] "GET /assets/img/samuraiMack/Fall.png HTTP/1.1" 200 -
::1 - - [05/May/2026 21:24:18] "GET /assets/img/samuraiMack/Death.png HTTP/1.1" 200 -
::1 - - [05/May/2026 21:24:18] "GET /assets/img/samuraiMack/Attack1.png HTTP/1.1" 200 -
::1 - - [05/May/2026 21:24:18] "GET /assets/img/samuraiMack/Take%20Hit%20White.png HTTP/1.1" 200 -
::1 - - [05/May/2026 21:24:18] "GET /assets/img/kenji/Idle.png HTTP/1.1" 200 -
::1 - - [05/May/2026 21:24:18] "GET /assets/img/kenji/Run.png HTTP/1.1" 200 -
::1 - - [05/May/2026 21:24:18] "GET /assets/img/kenji/Jump.png HTTP/1.1" 200 -
::1 - - [05/May/2026 21:24:18] "GET /assets/img/kenji/Fall.png HTTP/1.1" 200 -
::1 - - [05/May/2026 21:24:18] "GET /assets/img/kenji/Death.png HTTP/1.1" 200 -
::1 - - [05/May/2026 21:24:18] "GET /assets/img/kenji/Attack1.png HTTP/1.1" 200 -
::1 - - [05/May/2026 21:24:18] "GET /assets/img/kenji/Take%20hit%20white.png HTTP/1.1" 200 -
::1 - - [05/May/2026 21:24:18] code 404, message File not found
::1 - - [05/May/2026 21:24:18] "GET /favicon.ico HTTP/1.1" 404 -
::1 - - [05/May/2026 21:24:18] "GET /assets/fonts/Silver.ttf HTTP/1.1" 200 -
::1 - - [05/May/2026 21:25:31] "GET /html/index.html HTTP/1.1" 200 -
::1 - - [05/May/2026 21:25:31] "GET /css/styles.css HTTP/1.1" 200 -
::1 - - [05/May/2026 21:25:31] "GET /js/index.js HTTP/1.1" 200 -
::1 - - [05/May/2026 21:25:31] "GET /js/Fighter.js HTTP/1.1" 200 -
::1 - - [05/May/2026 21:25:31] "GET /js/Keys.js HTTP/1.1" 200 -
::1 - - [05/May/2026 21:25:31] "GET /js/Camera.js HTTP/1.1" 200 -
::1 - - [05/May/2026 21:25:31] "GET /js/ParallaxSystem.js HTTP/1.1" 200 -
::1 - - [05/May/2026 21:25:31] "GET /js/ParticleSystem.js HTTP/1.1" 200 -
::1 - - [05/May/2026 21:25:31] "GET /js/EffectsManager.js HTTP/1.1" 200 -
::1 - - [05/May/2026 21:25:31] "GET /js/Sprite.js HTTP/1.1" 200 -
::1 - - [05/May/2026 21:25:31] "GET /assets/img/fight-bg.jpg HTTP/1.1" 200 -
::1 - - [05/May/2026 21:25:31] "GET /assets/img/samuraiMack/Idle.png HTTP/1.1" 200 -
::1 - - [05/May/2026 21:25:31] "GET /assets/img/samuraiMack/Run.png HTTP/1.1" 200 -
::1 - - [05/May/2026 21:25:31] "GET /assets/img/samuraiMack/Jump.png HTTP/1.1" 200 -
::1 - - [05/May/2026 21:25:31] "GET /assets/img/samuraiMack/Fall.png HTTP/1.1" 200 -
::1 - - [05/May/2026 21:25:32] "GET /assets/img/samuraiMack/Death.png HTTP/1.1" 200 -
::1 - - [05/May/2026 21:25:32] "GET /assets/img/samuraiMack/Attack1.png HTTP/1.1" 200 -
::1 - - [05/May/2026 21:25:32] "GET /assets/img/samuraiMack/Take%20Hit%20White.png HTTP/1.1" 200 -
::1 - - [05/May/2026 21:25:32] "GET /assets/img/kenji/Idle.png HTTP/1.1" 200 -
::1 - - [05/May/2026 21:25:32] "GET /assets/img/kenji/Run.png HTTP/1.1" 200 -
::1 - - [05/May/2026 21:25:32] "GET /assets/img/kenji/Fall.png HTTP/1.1" 200 -
::1 - - [05/May/2026 21:25:32] "GET /assets/img/kenji/Jump.png HTTP/1.1" 200 -
::1 - - [05/May/2026 21:25:32] "GET /assets/img/kenji/Death.png HTTP/1.1" 200 -
::1 - - [05/May/2026 21:25:32] "GET /assets/img/kenji/Attack1.png HTTP/1.1" 200 -
::1 - - [05/May/2026 21:25:32] "GET /assets/img/kenji/Take%20hit%20white.png HTTP/1.1" 200 -
::1 - - [05/May/2026 21:25:32] code 404, message File not found
::1 - - [05/May/2026 21:25:32] "GET /favicon.ico HTTP/1.1" 404 -
::1 - - [05/May/2026 21:25:32] "GET /assets/fonts/Silver.ttf HTTP/1.1" 200 -
::1 - - [05/May/2026 21:27:38] "GET /html/index.html HTTP/1.1" 200 -
::1 - - [05/May/2026 21:27:38] "GET /css/styles.css HTTP/1.1" 200 -
::1 - - [05/May/2026 21:27:38] "GET /js/index.js HTTP/1.1" 200 -
::1 - - [05/May/2026 21:27:38] code 404, message File not found
::1 - - [05/May/2026 21:27:38] "GET /favicon.ico HTTP/1.1" 404 -
